  Main.cpp
  Info: Boost.Config is older than your compiler version - probably nothing bad will happen - but you may wish to look for an update Boost version.  Define BOOST_CONFIG_SUPPRESS_OUTDATED_MESSAGE to suppress this message.
c:\raymond\nyu tandon\internship\var_es_calculation\var_bond\var\bonds.h(49): warning C4018: '<': signed/unsigned mismatch
c:\raymond\nyu tandon\internship\var_es_calculation\var_bond\var\bonds.h(59): warning C4018: '<': signed/unsigned mismatch
c:\raymond\nyu tandon\internship\var_es_calculation\var_bond\var\bonds.h(87): warning C4244: 'initializing': conversion from 'double' to 'int', possible loss of data
c:\raymond\nyu tandon\internship\var_es_calculation\var_bond\var\bonds.h(98): warning C4244: 'initializing': conversion from 'double' to 'int', possible loss of data
c:\raymond\nyu tandon\internship\var_es_calculation\var_bond\var\bonds.h(174): warning C4244: 'argument': conversion from 'double' to 'int', possible loss of data
c:\raymond\nyu tandon\internship\var_es_calculation\var_bond\var\bonds.h(210): warning C4018: '<': signed/unsigned mismatch
c:\raymond\nyu tandon\internship\var_es_calculation\var_bond\var\bonds.h(218): warning C4244: 'initializing': conversion from 'double' to 'int', possible loss of data
c:\raymond\nyu tandon\internship\var_es_calculation\var_bond\var\bonds.h(236): warning C4244: 'argument': conversion from 'double' to 'int', possible loss of data
c:\raymond\nyu tandon\internship\var_es_calculation\var_bond\var\var.h(69): warning C4244: 'initializing': conversion from 'double' to 'int', possible loss of data
c:\raymond\nyu tandon\internship\var_es_calculation\var_bond\var\var.h(124): warning C4244: 'initializing': conversion from 'double' to 'int', possible loss of data
c:\raymond\nyu tandon\internship\var_es_calculation\var_bond\var\var.h(149): warning C4244: 'initializing': conversion from 'double' to 'int', possible loss of data
c:\raymond\nyu tandon\internship\var_es_calculation\var_bond\var\main.cpp(28): warning C4244: 'initializing': conversion from 'double' to 'int', possible loss of data
c:\raymond\nyu tandon\internship\var_es_calculation\var_bond\var\main.cpp(40): warning C4244: 'argument': conversion from 'double' to 'long', possible loss of data
c:\raymond\nyu tandon\internship\var_es_calculation\var_bond\var\main.cpp(51): warning C4244: 'argument': conversion from 'double' to 'long', possible loss of data
c:\raymond\nyu tandon\internship\var_es_calculation\var_bond\var\main.cpp(62): warning C4244: 'argument': conversion from 'double' to 'long', possible loss of data
c:\raymond\nyu tandon\internship\var_es_calculation\var_bond\var\main.cpp(75): warning C4244: 'argument': conversion from 'double' to 'long', possible loss of data
c:\raymond\nyu tandon\internship\var_es_calculation\var_bond\var\main.cpp(86): warning C4244: 'argument': conversion from 'double' to 'long', possible loss of data
c:\raymond\nyu tandon\internship\var_es_calculation\var_bond\var\main.cpp(97): warning C4244: 'argument': conversion from 'double' to 'long', possible loss of data
c:\raymond\nyu tandon\internship\var_es_calculation\var_bond\var\main.cpp(125): warning C4244: 'argument': conversion from 'double' to 'long', possible loss of data
c:\raymond\nyu tandon\internship\var_es_calculation\var_bond\var\main.cpp(138): warning C4244: 'argument': conversion from 'double' to 'long', possible loss of data
  LINK : the 32-bit linker (C:\Program Files (x86)\Microsoft Visual Studio\2017\Community\VC\Tools\MSVC\14.13.26128\bin\HostX86\x64\link.exe) failed to do memory mapped file I/O on `C:\raymond\NYU Tandon\Internship\dev\libs\QuantLib\branches\v1.12.x\lib\QuantLib-vc141-x64-mt-gd.lib' and is going to restart linking with a 64-bit linker for better throughput
  LINK : failed to locate a 64-bit linker on %PATH%; continue the current linking
QuantLib-vc141-x64-mt-gd.lib(observable.obj) : warning LNK4099: PDB 'QuantLib.pdb' was not found with 'QuantLib-vc141-x64-mt-gd.lib(observable.obj)' or at 'C:\raymond\NYU Tandon\Internship\VaR_ES_Calculation\VAR_Bond\x64\Debug\QuantLib.pdb'; linking object as if no debug info
QuantLib-vc141-x64-mt-gd.lib(trinomialtree.obj) : warning LNK4099: PDB 'QuantLib.pdb' was not found with 'QuantLib-vc141-x64-mt-gd.lib(trinomialtree.obj)' or at 'C:\raymond\NYU Tandon\Internship\VaR_ES_Calculation\VAR_Bond\x64\Debug\QuantLib.pdb'; linking object as if no debug info
QuantLib-vc141-x64-mt-gd.lib(capflooredcoupon.obj) : warning LNK4099: PDB 'QuantLib.pdb' was not found with 'QuantLib-vc141-x64-mt-gd.lib(capflooredcoupon.obj)' or at 'C:\raymond\NYU Tandon\Internship\VaR_ES_Calculation\VAR_Bond\x64\Debug\QuantLib.pdb'; linking object as if no debug info
QuantLib-vc141-x64-mt-gd.lib(cashflows.obj) : warning LNK4099: PDB 'QuantLib.pdb' was not found with 'QuantLib-vc141-x64-mt-gd.lib(cashflows.obj)' or at 'C:\raymond\NYU Tandon\Internship\VaR_ES_Calculation\VAR_Bond\x64\Debug\QuantLib.pdb'; linking object as if no debug info
QuantLib-vc141-x64-mt-gd.lib(cashflowvectors.obj) : warning LNK4099: PDB 'QuantLib.pdb' was not found with 'QuantLib-vc141-x64-mt-gd.lib(cashflowvectors.obj)' or at 'C:\raymond\NYU Tandon\Internship\VaR_ES_Calculation\VAR_Bond\x64\Debug\QuantLib.pdb'; linking object as if no debug info
QuantLib-vc141-x64-mt-gd.lib(coupon.obj) : warning LNK4099: PDB 'QuantLib.pdb' was not found with 'QuantLib-vc141-x64-mt-gd.lib(coupon.obj)' or at 'C:\raymond\NYU Tandon\Internship\VaR_ES_Calculation\VAR_Bond\x64\Debug\QuantLib.pdb'; linking object as if no debug info
QuantLib-vc141-x64-mt-gd.lib(couponpricer.obj) : warning LNK4099: PDB 'QuantLib.pdb' was not found with 'QuantLib-vc141-x64-mt-gd.lib(couponpricer.obj)' or at 'C:\raymond\NYU Tandon\Internship\VaR_ES_Calculation\VAR_Bond\x64\Debug\QuantLib.pdb'; linking object as if no debug info
QuantLib-vc141-x64-mt-gd.lib(fixedratecoupon.obj) : warning LNK4099: PDB 'QuantLib.pdb' was not found with 'QuantLib-vc141-x64-mt-gd.lib(fixedratecoupon.obj)' or at 'C:\raymond\NYU Tandon\Internship\VaR_ES_Calculation\VAR_Bond\x64\Debug\QuantLib.pdb'; linking object as if no debug info
QuantLib-vc141-x64-mt-gd.lib(floatingratecoupon.obj) : warning LNK4099: PDB 'QuantLib.pdb' was not found with 'QuantLib-vc141-x64-mt-gd.lib(floatingratecoupon.obj)' or at 'C:\raymond\NYU Tandon\Internship\VaR_ES_Calculation\VAR_Bond\x64\Debug\QuantLib.pdb'; linking object as if no debug info
QuantLib-vc141-x64-mt-gd.lib(iborcoupon.obj) : warning LNK4099: PDB 'QuantLib.pdb' was not found with 'QuantLib-vc141-x64-mt-gd.lib(iborcoupon.obj)' or at 'C:\raymond\NYU Tandon\Internship\VaR_ES_Calculation\VAR_Bond\x64\Debug\QuantLib.pdb'; linking object as if no debug info
QuantLib-vc141-x64-mt-gd.lib(iborindex.obj) : warning LNK4099: PDB 'QuantLib.pdb' was not found with 'QuantLib-vc141-x64-mt-gd.lib(iborindex.obj)' or at 'C:\raymond\NYU Tandon\Internship\VaR_ES_Calculation\VAR_Bond\x64\Debug\QuantLib.pdb'; linking object as if no debug info
QuantLib-vc141-x64-mt-gd.lib(indexmanager.obj) : warning LNK4099: PDB 'QuantLib.pdb' was not found with 'QuantLib-vc141-x64-mt-gd.lib(indexmanager.obj)' or at 'C:\raymond\NYU Tandon\Internship\VaR_ES_Calculation\VAR_Bond\x64\Debug\QuantLib.pdb'; linking object as if no debug info
QuantLib-vc141-x64-mt-gd.lib(interestrateindex.obj) : warning LNK4099: PDB 'QuantLib.pdb' was not found with 'QuantLib-vc141-x64-mt-gd.lib(interestrateindex.obj)' or at 'C:\raymond\NYU Tandon\Internship\VaR_ES_Calculation\VAR_Bond\x64\Debug\QuantLib.pdb'; linking object as if no debug info
QuantLib-vc141-x64-mt-gd.lib(euribor.obj) : warning LNK4099: PDB 'QuantLib.pdb' was not found with 'QuantLib-vc141-x64-mt-gd.lib(euribor.obj)' or at 'C:\raymond\NYU Tandon\Internship\VaR_ES_Calculation\VAR_Bond\x64\Debug\QuantLib.pdb'; linking object as if no debug info
QuantLib-vc141-x64-mt-gd.lib(eurlibor.obj) : warning LNK4099: PDB 'QuantLib.pdb' was not found with 'QuantLib-vc141-x64-mt-gd.lib(eurlibor.obj)' or at 'C:\raymond\NYU Tandon\Internship\VaR_ES_Calculation\VAR_Bond\x64\Debug\QuantLib.pdb'; linking object as if no debug info
QuantLib-vc141-x64-mt-gd.lib(swap.obj) : warning LNK4099: PDB 'QuantLib.pdb' was not found with 'QuantLib-vc141-x64-mt-gd.lib(swap.obj)' or at 'C:\raymond\NYU Tandon\Internship\VaR_ES_Calculation\VAR_Bond\x64\Debug\QuantLib.pdb'; linking object as if no debug info
QuantLib-vc141-x64-mt-gd.lib(swaption.obj) : warning LNK4099: PDB 'QuantLib.pdb' was not found with 'QuantLib-vc141-x64-mt-gd.lib(swaption.obj)' or at 'C:\raymond\NYU Tandon\Internship\VaR_ES_Calculation\VAR_Bond\x64\Debug\QuantLib.pdb'; linking object as if no debug info
QuantLib-vc141-x64-mt-gd.lib(vanillaswap.obj) : warning LNK4099: PDB 'QuantLib.pdb' was not found with 'QuantLib-vc141-x64-mt-gd.lib(vanillaswap.obj)' or at 'C:\raymond\NYU Tandon\Internship\VaR_ES_Calculation\VAR_Bond\x64\Debug\QuantLib.pdb'; linking object as if no debug info
QuantLib-vc141-x64-mt-gd.lib(errorfunction.obj) : warning LNK4099: PDB 'QuantLib.pdb' was not found with 'QuantLib-vc141-x64-mt-gd.lib(errorfunction.obj)' or at 'C:\raymond\NYU Tandon\Internship\VaR_ES_Calculation\VAR_Bond\x64\Debug\QuantLib.pdb'; linking object as if no debug info
QuantLib-vc141-x64-mt-gd.lib(rounding.obj) : warning LNK4099: PDB 'QuantLib.pdb' was not found with 'QuantLib-vc141-x64-mt-gd.lib(rounding.obj)' or at 'C:\raymond\NYU Tandon\Internship\VaR_ES_Calculation\VAR_Bond\x64\Debug\QuantLib.pdb'; linking object as if no debug info
QuantLib-vc141-x64-mt-gd.lib(generalstatistics.obj) : warning LNK4099: PDB 'QuantLib.pdb' was not found with 'QuantLib-vc141-x64-mt-gd.lib(generalstatistics.obj)' or at 'C:\raymond\NYU Tandon\Internship\VaR_ES_Calculation\VAR_Bond\x64\Debug\QuantLib.pdb'; linking object as if no debug info
QuantLib-vc141-x64-mt-gd.lib(normaldistribution.obj) : warning LNK4099: PDB 'QuantLib.pdb' was not found with 'QuantLib-vc141-x64-mt-gd.lib(normaldistribution.obj)' or at 'C:\raymond\NYU Tandon\Internship\VaR_ES_Calculation\VAR_Bond\x64\Debug\QuantLib.pdb'; linking object as if no debug info
QuantLib-vc141-x64-mt-gd.lib(integral.obj) : warning LNK4099: PDB 'QuantLib.pdb' was not found with 'QuantLib-vc141-x64-mt-gd.lib(integral.obj)' or at 'C:\raymond\NYU Tandon\Internship\VaR_ES_Calculation\VAR_Bond\x64\Debug\QuantLib.pdb'; linking object as if no debug info
QuantLib-vc141-x64-mt-gd.lib(segmentintegral.obj) : warning LNK4099: PDB 'QuantLib.pdb' was not found with 'QuantLib-vc141-x64-mt-gd.lib(segmentintegral.obj)' or at 'C:\raymond\NYU Tandon\Internship\VaR_ES_Calculation\VAR_Bond\x64\Debug\QuantLib.pdb'; linking object as if no debug info
QuantLib-vc141-x64-mt-gd.lib(choleskydecomposition.obj) : warning LNK4099: PDB 'QuantLib.pdb' was not found with 'QuantLib-vc141-x64-mt-gd.lib(choleskydecomposition.obj)' or at 'C:\raymond\NYU Tandon\Internship\VaR_ES_Calculation\VAR_Bond\x64\Debug\QuantLib.pdb'; linking object as if no debug info
QuantLib-vc141-x64-mt-gd.lib(pseudosqrt.obj) : warning LNK4099: PDB 'QuantLib.pdb' was not found with 'QuantLib-vc141-x64-mt-gd.lib(pseudosqrt.obj)' or at 'C:\raymond\NYU Tandon\Internship\VaR_ES_Calculation\VAR_Bond\x64\Debug\QuantLib.pdb'; linking object as if no debug info
QuantLib-vc141-x64-mt-gd.lib(symmetricschurdecomposition.obj) : warning LNK4099: PDB 'QuantLib.pdb' was not found with 'QuantLib-vc141-x64-mt-gd.lib(symmetricschurdecomposition.obj)' or at 'C:\raymond\NYU Tandon\Internship\VaR_ES_Calculation\VAR_Bond\x64\Debug\QuantLib.pdb'; linking object as if no debug info
QuantLib-vc141-x64-mt-gd.lib(mt19937uniformrng.obj) : warning LNK4099: PDB 'QuantLib.pdb' was not found with 'QuantLib-vc141-x64-mt-gd.lib(mt19937uniformrng.obj)' or at 'C:\raymond\NYU Tandon\Internship\VaR_ES_Calculation\VAR_Bond\x64\Debug\QuantLib.pdb'; linking object as if no debug info
QuantLib-vc141-x64-mt-gd.lib(seedgenerator.obj) : warning LNK4099: PDB 'QuantLib.pdb' was not found with 'QuantLib-vc141-x64-mt-gd.lib(seedgenerator.obj)' or at 'C:\raymond\NYU Tandon\Internship\VaR_ES_Calculation\VAR_Bond\x64\Debug\QuantLib.pdb'; linking object as if no debug info
QuantLib-vc141-x64-mt-gd.lib(armijo.obj) : warning LNK4099: PDB 'QuantLib.pdb' was not found with 'QuantLib-vc141-x64-mt-gd.lib(armijo.obj)' or at 'C:\raymond\NYU Tandon\Internship\VaR_ES_Calculation\VAR_Bond\x64\Debug\QuantLib.pdb'; linking object as if no debug info
QuantLib-vc141-x64-mt-gd.lib(conjugategradient.obj) : warning LNK4099: PDB 'QuantLib.pdb' was not found with 'QuantLib-vc141-x64-mt-gd.lib(conjugategradient.obj)' or at 'C:\raymond\NYU Tandon\Internship\VaR_ES_Calculation\VAR_Bond\x64\Debug\QuantLib.pdb'; linking object as if no debug info
QuantLib-vc141-x64-mt-gd.lib(constraint.obj) : warning LNK4099: PDB 'QuantLib.pdb' was not found with 'QuantLib-vc141-x64-mt-gd.lib(constraint.obj)' or at 'C:\raymond\NYU Tandon\Internship\VaR_ES_Calculation\VAR_Bond\x64\Debug\QuantLib.pdb'; linking object as if no debug info
QuantLib-vc141-x64-mt-gd.lib(endcriteria.obj) : warning LNK4099: PDB 'QuantLib.pdb' was not found with 'QuantLib-vc141-x64-mt-gd.lib(endcriteria.obj)' or at 'C:\raymond\NYU Tandon\Internship\VaR_ES_Calculation\VAR_Bond\x64\Debug\QuantLib.pdb'; linking object as if no debug info
QuantLib-vc141-x64-mt-gd.lib(levenbergmarquardt.obj) : warning LNK4099: PDB 'QuantLib.pdb' was not found with 'QuantLib-vc141-x64-mt-gd.lib(levenbergmarquardt.obj)' or at 'C:\raymond\NYU Tandon\Internship\VaR_ES_Calculation\VAR_Bond\x64\Debug\QuantLib.pdb'; linking object as if no debug info
QuantLib-vc141-x64-mt-gd.lib(linesearch.obj) : warning LNK4099: PDB 'QuantLib.pdb' was not found with 'QuantLib-vc141-x64-mt-gd.lib(linesearch.obj)' or at 'C:\raymond\NYU Tandon\Internship\VaR_ES_Calculation\VAR_Bond\x64\Debug\QuantLib.pdb'; linking object as if no debug info
QuantLib-vc141-x64-mt-gd.lib(linesearchbasedmethod.obj) : warning LNK4099: PDB 'QuantLib.pdb' was not found with 'QuantLib-vc141-x64-mt-gd.lib(linesearchbasedmethod.obj)' or at 'C:\raymond\NYU Tandon\Internship\VaR_ES_Calculation\VAR_Bond\x64\Debug\QuantLib.pdb'; linking object as if no debug info
QuantLib-vc141-x64-mt-gd.lib(lmdif.obj) : warning LNK4099: PDB 'QuantLib.pdb' was not found with 'QuantLib-vc141-x64-mt-gd.lib(lmdif.obj)' or at 'C:\raymond\NYU Tandon\Internship\VaR_ES_Calculation\VAR_Bond\x64\Debug\QuantLib.pdb'; linking object as if no debug info
QuantLib-vc141-x64-mt-gd.lib(projection.obj) : warning LNK4099: PDB 'QuantLib.pdb' was not found with 'QuantLib-vc141-x64-mt-gd.lib(projection.obj)' or at 'C:\raymond\NYU Tandon\Internship\VaR_ES_Calculation\VAR_Bond\x64\Debug\QuantLib.pdb'; linking object as if no debug info
QuantLib-vc141-x64-mt-gd.lib(calibrationhelper.obj) : warning LNK4099: PDB 'QuantLib.pdb' was not found with 'QuantLib-vc141-x64-mt-gd.lib(calibrationhelper.obj)' or at 'C:\raymond\NYU Tandon\Internship\VaR_ES_Calculation\VAR_Bond\x64\Debug\QuantLib.pdb'; linking object as if no debug info
QuantLib-vc141-x64-mt-gd.lib(model.obj) : warning LNK4099: PDB 'QuantLib.pdb' was not found with 'QuantLib-vc141-x64-mt-gd.lib(model.obj)' or at 'C:\raymond\NYU Tandon\Internship\VaR_ES_Calculation\VAR_Bond\x64\Debug\QuantLib.pdb'; linking object as if no debug info
QuantLib-vc141-x64-mt-gd.lib(onefactormodel.obj) : warning LNK4099: PDB 'QuantLib.pdb' was not found with 'QuantLib-vc141-x64-mt-gd.lib(onefactormodel.obj)' or at 'C:\raymond\NYU Tandon\Internship\VaR_ES_Calculation\VAR_Bond\x64\Debug\QuantLib.pdb'; linking object as if no debug info
QuantLib-vc141-x64-mt-gd.lib(twofactormodel.obj) : warning LNK4099: PDB 'QuantLib.pdb' was not found with 'QuantLib-vc141-x64-mt-gd.lib(twofactormodel.obj)' or at 'C:\raymond\NYU Tandon\Internship\VaR_ES_Calculation\VAR_Bond\x64\Debug\QuantLib.pdb'; linking object as if no debug info
QuantLib-vc141-x64-mt-gd.lib(swaptionhelper.obj) : warning LNK4099: PDB 'QuantLib.pdb' was not found with 'QuantLib-vc141-x64-mt-gd.lib(swaptionhelper.obj)' or at 'C:\raymond\NYU Tandon\Internship\VaR_ES_Calculation\VAR_Bond\x64\Debug\QuantLib.pdb'; linking object as if no debug info
QuantLib-vc141-x64-mt-gd.lib(blackkarasinski.obj) : warning LNK4099: PDB 'QuantLib.pdb' was not found with 'QuantLib-vc141-x64-mt-gd.lib(blackkarasinski.obj)' or at 'C:\raymond\NYU Tandon\Internship\VaR_ES_Calculation\VAR_Bond\x64\Debug\QuantLib.pdb'; linking object as if no debug info
QuantLib-vc141-x64-mt-gd.lib(hullwhite.obj) : warning LNK4099: PDB 'QuantLib.pdb' was not found with 'QuantLib-vc141-x64-mt-gd.lib(hullwhite.obj)' or at 'C:\raymond\NYU Tandon\Internship\VaR_ES_Calculation\VAR_Bond\x64\Debug\QuantLib.pdb'; linking object as if no debug info
QuantLib-vc141-x64-mt-gd.lib(vasicek.obj) : warning LNK4099: PDB 'QuantLib.pdb' was not found with 'QuantLib-vc141-x64-mt-gd.lib(vasicek.obj)' or at 'C:\raymond\NYU Tandon\Internship\VaR_ES_Calculation\VAR_Bond\x64\Debug\QuantLib.pdb'; linking object as if no debug info
QuantLib-vc141-x64-mt-gd.lib(g2.obj) : warning LNK4099: PDB 'QuantLib.pdb' was not found with 'QuantLib-vc141-x64-mt-gd.lib(g2.obj)' or at 'C:\raymond\NYU Tandon\Internship\VaR_ES_Calculation\VAR_Bond\x64\Debug\QuantLib.pdb'; linking object as if no debug info
QuantLib-vc141-x64-mt-gd.lib(voltermstructure.obj) : warning LNK4099: PDB 'QuantLib.pdb' was not found with 'QuantLib-vc141-x64-mt-gd.lib(voltermstructure.obj)' or at 'C:\raymond\NYU Tandon\Internship\VaR_ES_Calculation\VAR_Bond\x64\Debug\QuantLib.pdb'; linking object as if no debug info
QuantLib-vc141-x64-mt-gd.lib(yieldtermstructure.obj) : warning LNK4099: PDB 'QuantLib.pdb' was not found with 'QuantLib-vc141-x64-mt-gd.lib(yieldtermstructure.obj)' or at 'C:\raymond\NYU Tandon\Internship\VaR_ES_Calculation\VAR_Bond\x64\Debug\QuantLib.pdb'; linking object as if no debug info
QuantLib-vc141-x64-mt-gd.lib(flatsmilesection.obj) : warning LNK4099: PDB 'QuantLib.pdb' was not found with 'QuantLib-vc141-x64-mt-gd.lib(flatsmilesection.obj)' or at 'C:\raymond\NYU Tandon\Internship\VaR_ES_Calculation\VAR_Bond\x64\Debug\QuantLib.pdb'; linking object as if no debug info
QuantLib-vc141-x64-mt-gd.lib(smilesection.obj) : warning LNK4099: PDB 'QuantLib.pdb' was not found with 'QuantLib-vc141-x64-mt-gd.lib(smilesection.obj)' or at 'C:\raymond\NYU Tandon\Internship\VaR_ES_Calculation\VAR_Bond\x64\Debug\QuantLib.pdb'; linking object as if no debug info
QuantLib-vc141-x64-mt-gd.lib(swaptionconstantvol.obj) : warning LNK4099: PDB 'QuantLib.pdb' was not found with 'QuantLib-vc141-x64-mt-gd.lib(swaptionconstantvol.obj)' or at 'C:\raymond\NYU Tandon\Internship\VaR_ES_Calculation\VAR_Bond\x64\Debug\QuantLib.pdb'; linking object as if no debug info
QuantLib-vc141-x64-mt-gd.lib(swaptionvolstructure.obj) : warning LNK4099: PDB 'QuantLib.pdb' was not found with 'QuantLib-vc141-x64-mt-gd.lib(swaptionvolstructure.obj)' or at 'C:\raymond\NYU Tandon\Internship\VaR_ES_Calculation\VAR_Bond\x64\Debug\QuantLib.pdb'; linking object as if no debug info
QuantLib-vc141-x64-mt-gd.lib(flatforward.obj) : warning LNK4099: PDB 'QuantLib.pdb' was not found with 'QuantLib-vc141-x64-mt-gd.lib(flatforward.obj)' or at 'C:\raymond\NYU Tandon\Internship\VaR_ES_Calculation\VAR_Bond\x64\Debug\QuantLib.pdb'; linking object as if no debug info
QuantLib-vc141-x64-mt-gd.lib(zeroyieldstructure.obj) : warning LNK4099: PDB 'QuantLib.pdb' was not found with 'QuantLib-vc141-x64-mt-gd.lib(zeroyieldstructure.obj)' or at 'C:\raymond\NYU Tandon\Internship\VaR_ES_Calculation\VAR_Bond\x64\Debug\QuantLib.pdb'; linking object as if no debug info
QuantLib-vc141-x64-mt-gd.lib(actual365fixed.obj) : warning LNK4099: PDB 'QuantLib.pdb' was not found with 'QuantLib-vc141-x64-mt-gd.lib(actual365fixed.obj)' or at 'C:\raymond\NYU Tandon\Internship\VaR_ES_Calculation\VAR_Bond\x64\Debug\QuantLib.pdb'; linking object as if no debug info
QuantLib-vc141-x64-mt-gd.lib(dataformatters.obj) : warning LNK4099: PDB 'QuantLib.pdb' was not found with 'QuantLib-vc141-x64-mt-gd.lib(dataformatters.obj)' or at 'C:\raymond\NYU Tandon\Internship\VaR_ES_Calculation\VAR_Bond\x64\Debug\QuantLib.pdb'; linking object as if no debug info
QuantLib-vc141-x64-mt-gd.lib(dataparsers.obj) : warning LNK4099: PDB 'QuantLib.pdb' was not found with 'QuantLib-vc141-x64-mt-gd.lib(dataparsers.obj)' or at 'C:\raymond\NYU Tandon\Internship\VaR_ES_Calculation\VAR_Bond\x64\Debug\QuantLib.pdb'; linking object as if no debug info
QuantLib-vc141-x64-mt-gd.lib(europe.obj) : warning LNK4099: PDB 'QuantLib.pdb' was not found with 'QuantLib-vc141-x64-mt-gd.lib(europe.obj)' or at 'C:\raymond\NYU Tandon\Internship\VaR_ES_Calculation\VAR_Bond\x64\Debug\QuantLib.pdb'; linking object as if no debug info
QuantLib-vc141-x64-mt-gd.lib(forwardmeasureprocess.obj) : warning LNK4099: PDB 'QuantLib.pdb' was not found with 'QuantLib-vc141-x64-mt-gd.lib(forwardmeasureprocess.obj)' or at 'C:\raymond\NYU Tandon\Internship\VaR_ES_Calculation\VAR_Bond\x64\Debug\QuantLib.pdb'; linking object as if no debug info
QuantLib-vc141-x64-mt-gd.lib(hullwhiteprocess.obj) : warning LNK4099: PDB 'QuantLib.pdb' was not found with 'QuantLib-vc141-x64-mt-gd.lib(hullwhiteprocess.obj)' or at 'C:\raymond\NYU Tandon\Internship\VaR_ES_Calculation\VAR_Bond\x64\Debug\QuantLib.pdb'; linking object as if no debug info
QuantLib-vc141-x64-mt-gd.lib(ornsteinuhlenbeckprocess.obj) : warning LNK4099: PDB 'QuantLib.pdb' was not found with 'QuantLib-vc141-x64-mt-gd.lib(ornsteinuhlenbeckprocess.obj)' or at 'C:\raymond\NYU Tandon\Internship\VaR_ES_Calculation\VAR_Bond\x64\Debug\QuantLib.pdb'; linking object as if no debug info
QuantLib-vc141-x64-mt-gd.lib(stochasticprocessarray.obj) : warning LNK4099: PDB 'QuantLib.pdb' was not found with 'QuantLib-vc141-x64-mt-gd.lib(stochasticprocessarray.obj)' or at 'C:\raymond\NYU Tandon\Internship\VaR_ES_Calculation\VAR_Bond\x64\Debug\QuantLib.pdb'; linking object as if no debug info
QuantLib-vc141-x64-mt-gd.lib(blackformula.obj) : warning LNK4099: PDB 'QuantLib.pdb' was not found with 'QuantLib-vc141-x64-mt-gd.lib(blackformula.obj)' or at 'C:\raymond\NYU Tandon\Internship\VaR_ES_Calculation\VAR_Bond\x64\Debug\QuantLib.pdb'; linking object as if no debug info
QuantLib-vc141-x64-mt-gd.lib(blackswaptionengine.obj) : warning LNK4099: PDB 'QuantLib.pdb' was not found with 'QuantLib-vc141-x64-mt-gd.lib(blackswaptionengine.obj)' or at 'C:\raymond\NYU Tandon\Internship\VaR_ES_Calculation\VAR_Bond\x64\Debug\QuantLib.pdb'; linking object as if no debug info
QuantLib-vc141-x64-mt-gd.lib(discretizedswaption.obj) : warning LNK4099: PDB 'QuantLib.pdb' was not found with 'QuantLib-vc141-x64-mt-gd.lib(discretizedswaption.obj)' or at 'C:\raymond\NYU Tandon\Internship\VaR_ES_Calculation\VAR_Bond\x64\Debug\QuantLib.pdb'; linking object as if no debug info
QuantLib-vc141-x64-mt-gd.lib(jamshidianswaptionengine.obj) : warning LNK4099: PDB 'QuantLib.pdb' was not found with 'QuantLib-vc141-x64-mt-gd.lib(jamshidianswaptionengine.obj)' or at 'C:\raymond\NYU Tandon\Internship\VaR_ES_Calculation\VAR_Bond\x64\Debug\QuantLib.pdb'; linking object as if no debug info
QuantLib-vc141-x64-mt-gd.lib(discountingswapengine.obj) : warning LNK4099: PDB 'QuantLib.pdb' was not found with 'QuantLib-vc141-x64-mt-gd.lib(discountingswapengine.obj)' or at 'C:\raymond\NYU Tandon\Internship\VaR_ES_Calculation\VAR_Bond\x64\Debug\QuantLib.pdb'; linking object as if no debug info
QuantLib-vc141-x64-mt-gd.lib(discretizedswap.obj) : warning LNK4099: PDB 'QuantLib.pdb' was not found with 'QuantLib-vc141-x64-mt-gd.lib(discretizedswap.obj)' or at 'C:\raymond\NYU Tandon\Internship\VaR_ES_Calculation\VAR_Bond\x64\Debug\QuantLib.pdb'; linking object as if no debug info
QuantLib-vc141-x64-mt-gd.lib(calendar.obj) : warning LNK4099: PDB 'QuantLib.pdb' was not found with 'QuantLib-vc141-x64-mt-gd.lib(calendar.obj)' or at 'C:\raymond\NYU Tandon\Internship\VaR_ES_Calculation\VAR_Bond\x64\Debug\QuantLib.pdb'; linking object as if no debug info
QuantLib-vc141-x64-mt-gd.lib(date.obj) : warning LNK4099: PDB 'QuantLib.pdb' was not found with 'QuantLib-vc141-x64-mt-gd.lib(date.obj)' or at 'C:\raymond\NYU Tandon\Internship\VaR_ES_Calculation\VAR_Bond\x64\Debug\QuantLib.pdb'; linking object as if no debug info
QuantLib-vc141-x64-mt-gd.lib(dategenerationrule.obj) : warning LNK4099: PDB 'QuantLib.pdb' was not found with 'QuantLib-vc141-x64-mt-gd.lib(dategenerationrule.obj)' or at 'C:\raymond\NYU Tandon\Internship\VaR_ES_Calculation\VAR_Bond\x64\Debug\QuantLib.pdb'; linking object as if no debug info
QuantLib-vc141-x64-mt-gd.lib(frequency.obj) : warning LNK4099: PDB 'QuantLib.pdb' was not found with 'QuantLib-vc141-x64-mt-gd.lib(frequency.obj)' or at 'C:\raymond\NYU Tandon\Internship\VaR_ES_Calculation\VAR_Bond\x64\Debug\QuantLib.pdb'; linking object as if no debug info
QuantLib-vc141-x64-mt-gd.lib(imm.obj) : warning LNK4099: PDB 'QuantLib.pdb' was not found with 'QuantLib-vc141-x64-mt-gd.lib(imm.obj)' or at 'C:\raymond\NYU Tandon\Internship\VaR_ES_Calculation\VAR_Bond\x64\Debug\QuantLib.pdb'; linking object as if no debug info
QuantLib-vc141-x64-mt-gd.lib(period.obj) : warning LNK4099: PDB 'QuantLib.pdb' was not found with 'QuantLib-vc141-x64-mt-gd.lib(period.obj)' or at 'C:\raymond\NYU Tandon\Internship\VaR_ES_Calculation\VAR_Bond\x64\Debug\QuantLib.pdb'; linking object as if no debug info
QuantLib-vc141-x64-mt-gd.lib(schedule.obj) : warning LNK4099: PDB 'QuantLib.pdb' was not found with 'QuantLib-vc141-x64-mt-gd.lib(schedule.obj)' or at 'C:\raymond\NYU Tandon\Internship\VaR_ES_Calculation\VAR_Bond\x64\Debug\QuantLib.pdb'; linking object as if no debug info
QuantLib-vc141-x64-mt-gd.lib(timeunit.obj) : warning LNK4099: PDB 'QuantLib.pdb' was not found with 'QuantLib-vc141-x64-mt-gd.lib(timeunit.obj)' or at 'C:\raymond\NYU Tandon\Internship\VaR_ES_Calculation\VAR_Bond\x64\Debug\QuantLib.pdb'; linking object as if no debug info
QuantLib-vc141-x64-mt-gd.lib(weekday.obj) : warning LNK4099: PDB 'QuantLib.pdb' was not found with 'QuantLib-vc141-x64-mt-gd.lib(weekday.obj)' or at 'C:\raymond\NYU Tandon\Internship\VaR_ES_Calculation\VAR_Bond\x64\Debug\QuantLib.pdb'; linking object as if no debug info
QuantLib-vc141-x64-mt-gd.lib(jointcalendar.obj) : warning LNK4099: PDB 'QuantLib.pdb' was not found with 'QuantLib-vc141-x64-mt-gd.lib(jointcalendar.obj)' or at 'C:\raymond\NYU Tandon\Internship\VaR_ES_Calculation\VAR_Bond\x64\Debug\QuantLib.pdb'; linking object as if no debug info
QuantLib-vc141-x64-mt-gd.lib(target.obj) : warning LNK4099: PDB 'QuantLib.pdb' was not found with 'QuantLib-vc141-x64-mt-gd.lib(target.obj)' or at 'C:\raymond\NYU Tandon\Internship\VaR_ES_Calculation\VAR_Bond\x64\Debug\QuantLib.pdb'; linking object as if no debug info
QuantLib-vc141-x64-mt-gd.lib(unitedkingdom.obj) : warning LNK4099: PDB 'QuantLib.pdb' was not found with 'QuantLib-vc141-x64-mt-gd.lib(unitedkingdom.obj)' or at 'C:\raymond\NYU Tandon\Internship\VaR_ES_Calculation\VAR_Bond\x64\Debug\QuantLib.pdb'; linking object as if no debug info
QuantLib-vc141-x64-mt-gd.lib(cashflow.obj) : warning LNK4099: PDB 'QuantLib.pdb' was not found with 'QuantLib-vc141-x64-mt-gd.lib(cashflow.obj)' or at 'C:\raymond\NYU Tandon\Internship\VaR_ES_Calculation\VAR_Bond\x64\Debug\QuantLib.pdb'; linking object as if no debug info
QuantLib-vc141-x64-mt-gd.lib(currency.obj) : warning LNK4099: PDB 'QuantLib.pdb' was not found with 'QuantLib-vc141-x64-mt-gd.lib(currency.obj)' or at 'C:\raymond\NYU Tandon\Internship\VaR_ES_Calculation\VAR_Bond\x64\Debug\QuantLib.pdb'; linking object as if no debug info
QuantLib-vc141-x64-mt-gd.lib(discretizedasset.obj) : warning LNK4099: PDB 'QuantLib.pdb' was not found with 'QuantLib-vc141-x64-mt-gd.lib(discretizedasset.obj)' or at 'C:\raymond\NYU Tandon\Internship\VaR_ES_Calculation\VAR_Bond\x64\Debug\QuantLib.pdb'; linking object as if no debug info
QuantLib-vc141-x64-mt-gd.lib(errors.obj) : warning LNK4099: PDB 'QuantLib.pdb' was not found with 'QuantLib-vc141-x64-mt-gd.lib(errors.obj)' or at 'C:\raymond\NYU Tandon\Internship\VaR_ES_Calculation\VAR_Bond\x64\Debug\QuantLib.pdb'; linking object as if no debug info
QuantLib-vc141-x64-mt-gd.lib(event.obj) : warning LNK4099: PDB 'QuantLib.pdb' was not found with 'QuantLib-vc141-x64-mt-gd.lib(event.obj)' or at 'C:\raymond\NYU Tandon\Internship\VaR_ES_Calculation\VAR_Bond\x64\Debug\QuantLib.pdb'; linking object as if no debug info
QuantLib-vc141-x64-mt-gd.lib(exercise.obj) : warning LNK4099: PDB 'QuantLib.pdb' was not found with 'QuantLib-vc141-x64-mt-gd.lib(exercise.obj)' or at 'C:\raymond\NYU Tandon\Internship\VaR_ES_Calculation\VAR_Bond\x64\Debug\QuantLib.pdb'; linking object as if no debug info
QuantLib-vc141-x64-mt-gd.lib(index.obj) : warning LNK4099: PDB 'QuantLib.pdb' was not found with 'QuantLib-vc141-x64-mt-gd.lib(index.obj)' or at 'C:\raymond\NYU Tandon\Internship\VaR_ES_Calculation\VAR_Bond\x64\Debug\QuantLib.pdb'; linking object as if no debug info
QuantLib-vc141-x64-mt-gd.lib(interestrate.obj) : warning LNK4099: PDB 'QuantLib.pdb' was not found with 'QuantLib-vc141-x64-mt-gd.lib(interestrate.obj)' or at 'C:\raymond\NYU Tandon\Internship\VaR_ES_Calculation\VAR_Bond\x64\Debug\QuantLib.pdb'; linking object as if no debug info
QuantLib-vc141-x64-mt-gd.lib(settings.obj) : warning LNK4099: PDB 'QuantLib.pdb' was not found with 'QuantLib-vc141-x64-mt-gd.lib(settings.obj)' or at 'C:\raymond\NYU Tandon\Internship\VaR_ES_Calculation\VAR_Bond\x64\Debug\QuantLib.pdb'; linking object as if no debug info
QuantLib-vc141-x64-mt-gd.lib(stochasticprocess.obj) : warning LNK4099: PDB 'QuantLib.pdb' was not found with 'QuantLib-vc141-x64-mt-gd.lib(stochasticprocess.obj)' or at 'C:\raymond\NYU Tandon\Internship\VaR_ES_Calculation\VAR_Bond\x64\Debug\QuantLib.pdb'; linking object as if no debug info
QuantLib-vc141-x64-mt-gd.lib(termstructure.obj) : warning LNK4099: PDB 'QuantLib.pdb' was not found with 'QuantLib-vc141-x64-mt-gd.lib(termstructure.obj)' or at 'C:\raymond\NYU Tandon\Internship\VaR_ES_Calculation\VAR_Bond\x64\Debug\QuantLib.pdb'; linking object as if no debug info
QuantLib-vc141-x64-mt-gd.lib(timegrid.obj) : warning LNK4099: PDB 'QuantLib.pdb' was not found with 'QuantLib-vc141-x64-mt-gd.lib(timegrid.obj)' or at 'C:\raymond\NYU Tandon\Internship\VaR_ES_Calculation\VAR_Bond\x64\Debug\QuantLib.pdb'; linking object as if no debug info
  VAR.vcxproj -> C:\raymond\NYU Tandon\Internship\VaR_ES_Calculation\VAR_Bond\x64\Debug\VAR.exe
