c:\raymond\nyu tandon\internship\project\var_currencyforward\var\debug\vc141.pdb
c:\raymond\nyu tandon\internship\project\var_currencyforward\var\debug\vc141.idb
c:\raymond\nyu tandon\internship\project\var_currencyforward\var\debug\vasicekmodel.obj
c:\raymond\nyu tandon\internship\project\var_currencyforward\var\debug\var.obj
c:\raymond\nyu tandon\internship\project\var_currencyforward\var\debug\main.obj
c:\raymond\nyu tandon\internship\project\var_currencyforward\var\debug\csvparser.obj
c:\raymond\nyu tandon\internship\project\var_currencyforward\var\debug\bsmodel.obj
c:\raymond\nyu tandon\internship\project\var_stock&index\var\debug\vc141.pdb
c:\raymond\nyu tandon\internship\project\var_stock&index\var\debug\vc141.idb
c:\raymond\nyu tandon\internship\project\var_stock&index\var\debug\vasicekmodel.obj
c:\raymond\nyu tandon\internship\project\var_stock&index\var\debug\var.obj
c:\raymond\nyu tandon\internship\project\var_stock&index\var\debug\main.obj
c:\raymond\nyu tandon\internship\project\var_stock&index\var\debug\csvparser.obj
c:\raymond\nyu tandon\internship\project\var_stock&index\var\debug\bsmodel.obj
c:\raymond\nyu tandon\internship\project\var_option\var\debug\vc141.pdb
c:\raymond\nyu tandon\internship\project\var_option\var\debug\vc141.idb
c:\raymond\nyu tandon\internship\project\var_option\var\debug\var.obj
c:\raymond\nyu tandon\internship\project\var_option\var\debug\main.obj
c:\raymond\nyu tandon\internship\project\var_option\var\debug\csvparser.obj
c:\raymond\nyu tandon\internship\project\var_option\var\debug\bsmodel.obj
c:\raymond\nyu tandon\internship\project\var_currencyforward\debug\var.exe
c:\raymond\nyu tandon\internship\project\var_currencyforward\debug\var.ilk
c:\raymond\nyu tandon\internship\project\var_currencyforward\debug\var.pdb
c:\raymond\nyu tandon\internship\project\var_stock&index\debug\var.exe
c:\raymond\nyu tandon\internship\project\var_stock&index\debug\var.ilk
c:\raymond\nyu tandon\internship\project\var_stock&index\debug\var.pdb
c:\raymond\nyu tandon\internship\project\var_option\debug\var.exe
c:\raymond\nyu tandon\internship\project\var_option\debug\var.ilk
c:\raymond\nyu tandon\internship\project\var_option\debug\var.pdb
c:\raymond\nyu tandon\internship\project\var_option\var\debug\covariance.obj
c:\raymond\nyu tandon\internship\project\var_option\var\debug\vasicekmodel.obj
c:\raymond\nyu tandon\internship\project\var_option\var\debug\var.tlog\cl.command.1.tlog
c:\raymond\nyu tandon\internship\project\var_option\var\debug\var.tlog\cl.read.1.tlog
c:\raymond\nyu tandon\internship\project\var_option\var\debug\var.tlog\cl.write.1.tlog
c:\raymond\nyu tandon\internship\project\var_option\var\debug\var.tlog\link.command.1.tlog
c:\raymond\nyu tandon\internship\project\var_option\var\debug\var.tlog\link.read.1.tlog
c:\raymond\nyu tandon\internship\project\var_option\var\debug\var.tlog\link.write.1.tlog
